TN:
SF:/Users/baidu/Desktop/projects/github-explorer/fe/src/components/Avatar.vue
FN:7,data
FN:15,attached
FN:20,src
FN:25,loadImg
FN:31,(anonymous_5)
FNF:5
FNH:1
FNDA:1,data
FNDA:0,attached
FNDA:0,src
FNDA:0,loadImg
FNDA:0,(anonymous_5)
DA:0,1
DA:15,1
DA:22,0
DA:26,0
DA:30,0
DA:31,0
DA:32,0
DA:33,0
DA:34,0
DA:35,0
DA:37,0
LF:11
LH:2
BRDA:29,1,0,0
BRDA:29,1,1,0
BRF:2
BRH:0
end_of_record
TN:
SF:/Users/baidu/Desktop/projects/github-explorer/fe/src/App.vue
FN:29,_interopRequireDefault
FNF:1
FNH:1
FNDA:5,_interopRequireDefault
DA:0,5
DA:14,1
DA:15,1
DA:17,1
DA:18,1
DA:19,1
DA:20,1
LF:7
LH:7
BRDA:29,1,0,1
BRDA:29,1,1,4
BRDA:29,2,0,5
BRDA:29,2,1,5
BRF:4
BRH:4
end_of_record
TN:
SF:/Users/baidu/Desktop/projects/github-explorer/fe/src/vuex/store.js
FN:15,_interopRequireDefault
FN:36,SET_PROFILE
FN:39,SET_REPOS
FN:42,FULL_NAV_MENU
FN:45,OPEN_NAV_MENU
FN:49,CLOSE_NAV_MENU
FN:53,TOGGLE_NAV_MENU
FN:56,TRIGGER_LOAD_ANIMATION
FN:59,TRIGGER_LOAD_ANIMATION_DONE
FN:63,HIDE_LOAD_ANIMATION
FN:68,REQUEST_FAILED
FNF:11
FNH:1
FNDA:2,_interopRequireDefault
FNDA:0,SET_PROFILE
FNDA:0,SET_REPOS
FNDA:0,FULL_NAV_MENU
FNDA:0,OPEN_NAV_MENU
FNDA:0,CLOSE_NAV_MENU
FNDA:0,TOGGLE_NAV_MENU
FNDA:0,TRIGGER_LOAD_ANIMATION
FNDA:0,TRIGGER_LOAD_ANIMATION_DONE
FNDA:0,HIDE_LOAD_ANIMATION
FNDA:0,REQUEST_FAILED
DA:0,2
DA:1,1
DA:2,1
DA:4,1
DA:6,1
DA:23,1
DA:25,0
DA:28,0
DA:33,0
DA:36,0
DA:37,0
DA:40,0
DA:41,0
DA:44,0
DA:47,0
DA:50,0
DA:51,0
DA:54,0
DA:55,0
DA:56,0
DA:59,0
LF:21
LH:6
BRDA:15,1,0,0
BRDA:15,1,1,2
BRDA:15,2,0,2
BRDA:15,2,1,2
BRF:4
BRH:4
end_of_record
TN:
SF:/Users/baidu/Desktop/projects/github-explorer/fe/src/vuex/actions.js
FN:16,_interopRequireDefault
FN:23,api
FN:27,setUserProfile
FN:30,(anonymous_4)
FN:32,(anonymous_5)
FN:36,setUserRepos
FN:39,(anonymous_7)
FN:41,(anonymous_8)
FN:46,fullNavMenu
FN:51,openNavMenu
FN:56,closeNavMenu
FN:61,toggleNavMenu
FN:66,triggerLoadAnimation
FN:71,triggerLoadAnimationDone
FN:75,(anonymous_15)
FN:79,requestFailed
FNF:16
FNH:1
FNDA:2,_interopRequireDefault
FNDA:0,api
FNDA:0,setUserProfile
FNDA:0,(anonymous_4)
FNDA:0,(anonymous_5)
FNDA:0,setUserRepos
FNDA:0,(anonymous_7)
FNDA:0,(anonymous_8)
FNDA:0,fullNavMenu
FNDA:0,openNavMenu
FNDA:0,closeNavMenu
FNDA:0,toggleNavMenu
FNDA:0,triggerLoadAnimation
FNDA:0,triggerLoadAnimationDone
FNDA:0,(anonymous_15)
FNDA:0,requestFailed
DA:0,2
DA:1,1
DA:2,1
DA:4,1
DA:7,1
DA:8,1
DA:10,1
DA:12,1
DA:13,0
DA:14,0
DA:16,0
DA:19,1
DA:20,0
DA:22,0
DA:24,0
DA:29,1
DA:30,0
DA:32,1
DA:33,0
DA:35,1
DA:36,0
DA:38,1
DA:39,0
DA:41,1
DA:42,0
DA:44,1
DA:45,0
DA:46,0
DA:47,0
DA:50,1
DA:51,0
LF:31
LH:16
BRDA:16,1,0,0
BRDA:16,1,1,2
BRDA:16,2,0,2
BRDA:16,2,1,2
BRF:4
BRH:4
end_of_record
TN:
SF:/Users/baidu/Desktop/projects/github-explorer/fe/src/components/MenuOpenstatehandler.vue
FNF:0
FNH:0
DA:0,1
DA:6,1
LF:2
LH:2
BRF:0
BRH:0
end_of_record
TN:
SF:/Users/baidu/Desktop/projects/github-explorer/fe/src/vuex/getters.js
FN:11,getProfile
FN:14,getRepos
FN:17,getOpenState
FN:20,getFullState
FN:23,getHeaderState
FNF:5
FNH:0
FNDA:0,getProfile
FNDA:0,getRepos
FNDA:0,getOpenState
FNDA:0,getFullState
FNDA:0,getHeaderState
DA:0,1
DA:1,1
DA:2,0
DA:4,1
DA:5,0
DA:7,1
DA:8,0
DA:10,1
DA:11,0
DA:13,1
DA:14,0
LF:11
LH:6
BRF:0
BRH:0
end_of_record
TN:
SF:/Users/baidu/Desktop/projects/github-explorer/fe/src/components/MenuFullstatehandler.vue
FNF:0
FNH:0
DA:0,1
DA:6,1
LF:2
LH:2
BRF:0
BRH:0
end_of_record
TN:
SF:/Users/baidu/Desktop/projects/github-explorer/fe/src/components/NavMenu.vue
FN:17,_interopRequireDefault
FN:20,data
FN:37,attached
FN:46,getUsers
FN:50,(anonymous_5)
FN:52,(anonymous_6)
FN:57,userClick
FN:61,(anonymous_8)
FN:65,highlightSearchbar
FN:70,(anonymous_10)
FNF:10
FNH:1
FNDA:2,_interopRequireDefault
FNDA:0,data
FNDA:0,attached
FNDA:0,getUsers
FNDA:0,(anonymous_5)
FNDA:0,(anonymous_6)
FNDA:0,userClick
FNDA:0,(anonymous_8)
FNDA:0,highlightSearchbar
FNDA:0,(anonymous_10)
DA:0,2
DA:42,1
DA:43,1
DA:45,1
DA:53,0
DA:69,0
DA:76,0
DA:77,0
DA:78,0
DA:81,0
DA:83,0
DA:84,0
DA:87,0
DA:88,0
DA:89,0
DA:90,0
DA:93,0
DA:94,0
DA:95,0
DA:96,0
DA:97,0
DA:98,0
DA:100,0
DA:102,0
DA:104,0
LF:25
LH:4
BRDA:17,1,0,0
BRDA:17,1,1,2
BRDA:17,2,0,2
BRDA:17,2,1,2
BRDA:50,3,0,0
BRDA:50,3,1,0
BRDA:69,4,0,0
BRDA:69,4,1,0
BRDA:71,5,0,0
BRDA:71,5,1,0
BRF:10
BRH:4
end_of_record
TN:
SF:/Users/baidu/Desktop/projects/github-explorer/fe/src/components/SearchInput.vue
FN:9,search
FNF:1
FNH:0
FNDA:0,search
DA:0,1
DA:23,0
LF:2
LH:1
BRF:0
BRH:0
end_of_record
TN:
SF:/Users/baidu/Desktop/projects/github-explorer/fe/src/components/MainContent.vue
FN:19,_interopRequireDefault
FN:22,data
FN:34,MOUNT_HEADER_CHANGE
FN:37,UNMOUNT_HEADER_CHANGE
FNF:4
FNH:1
FNDA:3,_interopRequireDefault
FNDA:0,data
FNDA:0,MOUNT_HEADER_CHANGE
FNDA:0,UNMOUNT_HEADER_CHANGE
DA:0,3
DA:16,1
DA:17,1
DA:18,1
DA:21,0
DA:33,0
DA:36,0
LF:7
LH:4
BRDA:19,1,0,0
BRDA:19,1,1,3
BRDA:19,2,0,3
BRDA:19,2,1,3
BRF:4
BRH:4
end_of_record
TN:
SF:/Users/baidu/Desktop/projects/github-explorer/fe/src/components/Toast.vue
FNF:0
FNH:0
DA:0,1
LF:1
LH:1
BRF:0
BRH:0
end_of_record
TN:
SF:/Users/baidu/Desktop/projects/github-explorer/fe/src/components/HeaderBar.vue
FN:19,_interopRequireDefault
FN:22,data
FN:30,routeName
FN:33,showLoading
FN:36,doneLoading
FN:39,loadFailed
FN:56,shouldShowBackBtn
FN:68,click
FN:76,isUserPage
FN:81,MOUNT_HEADER_CHANGE
FN:87,UNMOUNT_HEADER_CHANGE
FN:90,scrollEvent
FN:95,(anonymous_13)
FNF:13
FNH:1
FNDA:2,_interopRequireDefault
FNDA:0,data
FNDA:0,routeName
FNDA:0,showLoading
FNDA:0,doneLoading
FNDA:0,loadFailed
FNDA:0,shouldShowBackBtn
FNDA:0,click
FNDA:0,isUserPage
FNDA:0,MOUNT_HEADER_CHANGE
FNDA:0,UNMOUNT_HEADER_CHANGE
FNDA:0,scrollEvent
FNDA:0,(anonymous_13)
DA:0,2
DA:21,1
DA:22,1
DA:25,1
DA:26,1
DA:30,0
DA:37,0
DA:40,0
DA:43,0
DA:46,0
DA:63,0
DA:64,0
DA:65,0
DA:66,0
DA:67,0
DA:71,0
DA:72,0
DA:73,0
DA:76,0
DA:80,0
DA:85,0
DA:86,0
DA:87,0
DA:88,0
DA:91,0
DA:93,0
DA:94,0
DA:95,0
DA:96,0
DA:98,0
DA:99,0
DA:101,0
DA:103,0
DA:105,0
LF:34
LH:5
BRDA:19,1,0,0
BRDA:19,1,1,2
BRDA:19,2,0,2
BRDA:19,2,1,2
BRDA:57,3,0,0
BRDA:57,3,1,0
BRDA:57,3,2,0
BRDA:57,3,3,0
BRDA:70,4,0,0
BRDA:70,4,1,0
BRDA:77,5,0,0
BRDA:77,5,1,0
BRDA:94,6,0,0
BRDA:94,6,1,0
BRDA:96,7,0,0
BRDA:96,7,1,0
BRDA:96,8,0,0
BRDA:96,8,1,0
BRF:18
BRH:4
end_of_record
TN:
SF:/Users/baidu/Desktop/projects/github-explorer/fe/src/components/HamburgerIcon.vue
FNF:0
FNH:0
DA:0,1
LF:1
LH:1
BRF:0
BRH:0
end_of_record
TN:
SF:/Users/baidu/Desktop/projects/github-explorer/fe/src/components/LoadingBlock.vue
FN:7,data
FN:23,done
FN:28,failed
FN:34,attached
FN:37,(anonymous_5)
FN:40,(anonymous_6)
FN:44,detached
FNF:7
FNH:0
FNDA:0,data
FNDA:0,done
FNDA:0,failed
FNDA:0,attached
FNDA:0,(anonymous_5)
FNDA:0,(anonymous_6)
FNDA:0,detached
DA:0,1
DA:15,0
DA:30,0
DA:31,0
DA:35,0
DA:36,0
DA:40,0
DA:41,0
DA:42,0
DA:45,0
LF:10
LH:1
BRDA:24,1,0,0
BRDA:24,1,1,0
BRDA:29,2,0,0
BRDA:29,2,1,0
BRDA:45,3,0,0
BRDA:45,3,1,0
BRF:6
BRH:0
end_of_record
TN:
SF:/Users/baidu/Desktop/projects/github-explorer/fe/src/components/FooterBar.vue
FNF:0
FNH:0
DA:0,1
LF:1
LH:1
BRF:0
BRH:0
end_of_record
TN:
SF:/Users/baidu/Desktop/projects/github-explorer/fe/src/components/Profile.vue
FN:15,_interopRequireDefault
FNF:1
FNH:1
FNDA:2,_interopRequireDefault
DA:0,2
DA:96,1
DA:97,1
LF:3
LH:3
BRDA:15,1,0,0
BRDA:15,1,1,2
BRDA:15,2,0,2
BRDA:15,2,1,2
BRF:4
BRH:4
end_of_record
TN:
SF:/Users/baidu/Desktop/projects/github-explorer/fe/src/components/TextHolder.vue
FN:9,styleObj
FNF:1
FNH:0
FNDA:0,styleObj
DA:0,1
DA:19,0
DA:20,0
DA:25,0
LF:4
LH:1
BRDA:10,1,0,0
BRDA:10,1,1,0
BRF:2
BRH:0
end_of_record
TN:
SF:/Users/baidu/Desktop/projects/github-explorer/fe/src/components/RepoContent.vue
FN:15,_interopRequireDefault
FN:23,fromNow
FNF:2
FNH:1
FNDA:2,_interopRequireDefault
FNDA:0,fromNow
DA:0,2
DA:46,1
DA:47,1
DA:55,0
LF:4
LH:3
BRDA:15,1,0,0
BRDA:15,1,1,2
BRDA:15,2,0,2
BRDA:15,2,1,2
BRF:4
BRH:4
end_of_record
TN:
SF:/Users/baidu/Desktop/projects/github-explorer/fe/src/components/RepoItem.vue
FN:11,_interopRequireDefault
FNF:1
FNH:1
FNDA:1,_interopRequireDefault
DA:0,1
DA:10,1
LF:2
LH:2
BRDA:11,1,0,0
BRDA:11,1,1,1
BRDA:11,2,0,1
BRDA:11,2,1,1
BRF:4
BRH:4
end_of_record
TN:
SF:/Users/baidu/Desktop/projects/github-explorer/fe/src/router.js
FN:23,_interopRequireDefault
FN:25,(anonymous_2)
FNF:2
FNH:1
FNDA:4,_interopRequireDefault
FNDA:0,(anonymous_2)
DA:0,4
DA:1,1
DA:2,1
DA:3,1
DA:4,1
DA:7,0
LF:6
LH:5
BRDA:23,1,0,0
BRDA:23,1,1,4
BRDA:23,2,0,4
BRDA:23,2,1,4
BRF:4
BRH:4
end_of_record
TN:
SF:/Users/baidu/Desktop/projects/github-explorer/fe/src/views/UserPage.vue
FN:23,_interopRequireDefault
FN:40,profile
FN:43,repos
FN:56,data
FN:65,loadUser
FN:68,(anonymous_6)
FN:70,(anonymous_7)
FNF:7
FNH:1
FNDA:3,_interopRequireDefault
FNDA:0,profile
FNDA:0,repos
FNDA:0,data
FNDA:0,loadUser
FNDA:0,(anonymous_6)
FNDA:0,(anonymous_7)
DA:0,3
DA:29,1
DA:30,1
DA:32,1
DA:39,1
DA:60,0
DA:63,0
DA:64,0
DA:66,0
DA:76,0
DA:77,0
DA:78,0
DA:80,0
DA:84,0
DA:85,0
DA:89,0
DA:91,0
DA:93,0
LF:18
LH:5
BRDA:23,1,0,1
BRDA:23,1,1,2
BRDA:23,2,0,3
BRDA:23,2,1,3
BRDA:44,3,0,0
BRDA:44,3,1,0
BRDA:58,4,0,0
BRDA:58,4,1,0
BRF:8
BRH:4
end_of_record
TN:
SF:/Users/baidu/Desktop/projects/github-explorer/fe/src/views/RepoList.vue
FN:27,_interopRequireDefault
FN:30,data
FN:55,profile
FN:58,repos
FN:67,searchText
FN:76,data
FN:85,loadUser
FN:88,(anonymous_8)
FN:90,(anonymous_9)
FN:95,scroll
FN:100,(anonymous_11)
FN:111,search
FNF:12
FNH:1
FNDA:4,_interopRequireDefault
FNDA:0,data
FNDA:0,profile
FNDA:0,repos
FNDA:0,searchText
FNDA:0,data
FNDA:0,loadUser
FNDA:0,(anonymous_8)
FNDA:0,(anonymous_9)
FNDA:0,scroll
FNDA:0,(anonymous_11)
FNDA:0,search
DA:0,4
DA:44,1
DA:45,1
DA:47,1
DA:54,1
DA:61,0
DA:85,0
DA:88,0
DA:89,0
DA:91,0
DA:97,0
DA:106,0
DA:107,0
DA:108,0
DA:110,0
DA:114,0
DA:115,0
DA:119,0
DA:121,0
DA:123,0
DA:125,0
DA:126,0
DA:127,0
DA:128,0
DA:129,0
DA:130,0
DA:132,0
DA:134,0
DA:136,0
DA:139,0
DA:140,0
DA:141,0
DA:142,0
DA:144,0
DA:145,0
DA:146,0
DA:147,0
LF:37
LH:5
BRDA:27,1,0,2
BRDA:27,1,1,2
BRDA:27,2,0,4
BRDA:27,2,1,4
BRDA:59,3,0,0
BRDA:59,3,1,0
BRDA:68,4,0,0
BRDA:68,4,1,0
BRDA:78,5,0,0
BRDA:78,5,1,0
BRDA:99,6,0,0
BRDA:99,6,1,0
BRDA:101,7,0,0
BRDA:101,7,1,0
BRDA:125,8,0,0
BRDA:125,8,1,0
BRDA:134,9,0,0
BRDA:134,9,1,0
BRDA:134,10,0,0
BRDA:134,10,1,0
BRDA:138,11,0,0
BRDA:138,11,1,0
BRF:22
BRH:4
end_of_record
TN:
SF:/Users/baidu/Desktop/projects/github-explorer/fe/src/views/RepoDetail.vue
FN:35,_interopRequireDefault
FN:38,data
FN:63,transStyle
FN:79,data
FN:81,attached
FN:89,getProfile
FN:93,(anonymous_7)
FN:98,(anonymous_8)
FN:103,getRepoDetail
FN:106,(anonymous_10)
FN:108,(anonymous_11)
FN:112,getRepoReadme
FN:115,(anonymous_13)
FN:117,(anonymous_14)
FN:121,getRepoContents
FN:124,(anonymous_16)
FN:126,(anonymous_17)
FN:127,(anonymous_18)
FN:132,getRepoContribs
FN:135,(anonymous_20)
FN:137,(anonymous_21)
FN:141,getRepoLanguages
FN:144,(anonymous_23)
FN:146,(anonymous_24)
FN:147,(anonymous_25)
FN:157,(anonymous_26)
FN:162,(anonymous_27)
FN:170,onTransitionWillStart
FN:173,(anonymous_29)
FN:182,onTransitionDidEnd
FN:185,transitionManuallyStart
FN:188,(anonymous_32)
FN:194,transitionManuallyStop
FN:197,switchTab
FN:201,refreshContentHeight
FN:205,getColor
FN:210,transToSize
FN:216,scrollEvent
FN:221,(anonymous_39)
FNF:39
FNH:1
FNDA:6,_interopRequireDefault
FNDA:0,data
FNDA:0,transStyle
FNDA:0,data
FNDA:0,attached
FNDA:0,getProfile
FNDA:0,(anonymous_7)
FNDA:0,(anonymous_8)
FNDA:0,getRepoDetail
FNDA:0,(anonymous_10)
FNDA:0,(anonymous_11)
FNDA:0,getRepoReadme
FNDA:0,(anonymous_13)
FNDA:0,(anonymous_14)
FNDA:0,getRepoContents
FNDA:0,(anonymous_16)
FNDA:0,(anonymous_17)
FNDA:0,(anonymous_18)
FNDA:0,getRepoContribs
FNDA:0,(anonymous_20)
FNDA:0,(anonymous_21)
FNDA:0,getRepoLanguages
FNDA:0,(anonymous_23)
FNDA:0,(anonymous_24)
FNDA:0,(anonymous_25)
FNDA:0,(anonymous_26)
FNDA:0,(anonymous_27)
FNDA:0,onTransitionWillStart
FNDA:0,(anonymous_29)
FNDA:0,onTransitionDidEnd
FNDA:0,transitionManuallyStart
FNDA:0,(anonymous_32)
FNDA:0,transitionManuallyStop
FNDA:0,switchTab
FNDA:0,refreshContentHeight
FNDA:0,getColor
FNDA:0,transToSize
FNDA:0,scrollEvent
FNDA:0,(anonymous_39)
DA:0,6
DA:91,1
DA:92,1
DA:93,1
DA:95,1
DA:96,1
DA:98,1
DA:106,0
DA:135,0
DA:153,0
DA:154,0
DA:155,0
DA:156,0
DA:159,0
DA:160,0
DA:161,0
DA:168,0
DA:169,0
DA:170,0
DA:171,0
DA:173,0
DA:175,0
DA:177,0
DA:178,0
DA:180,0
DA:182,0
DA:185,0
DA:186,0
DA:188,0
DA:190,0
DA:193,0
DA:194,0
DA:196,0
DA:198,0
DA:201,0
DA:202,0
DA:204,0
DA:206,0
DA:209,0
DA:210,0
DA:212,0
DA:214,0
DA:215,0
DA:217,0
DA:218,0
DA:219,0
DA:220,0
DA:221,0
DA:223,0
DA:226,0
DA:232,0
DA:233,0
DA:234,0
DA:235,0
DA:236,0
DA:237,0
DA:238,0
DA:239,0
DA:243,0
DA:245,0
DA:246,0
DA:247,0
DA:248,0
DA:249,0
DA:253,0
DA:256,0
DA:257,0
DA:260,0
DA:261,0
DA:264,0
DA:269,0
DA:270,0
DA:274,0
DA:275,0
DA:276,0
DA:277,0
DA:278,0
DA:279,0
DA:281,0
DA:283,0
DA:285,0
LF:81
LH:7
BRDA:35,1,0,3
BRDA:35,1,1,3
BRDA:35,2,0,6
BRDA:35,2,1,6
BRDA:64,3,0,0
BRDA:64,3,1,0
BRDA:116,4,0,0
BRDA:116,4,1,0
BRDA:152,5,0,0
BRDA:152,5,1,0
BRDA:154,6,0,0
BRDA:154,6,1,0
BRDA:174,7,0,0
BRDA:174,7,1,0
BRDA:174,8,0,0
BRDA:174,8,1,0
BRDA:211,9,0,0
BRDA:211,9,1,0
BRDA:220,10,0,0
BRDA:220,10,1,0
BRDA:222,11,0,0
BRDA:222,11,1,0
BRF:22
BRH:4
end_of_record
TN:
SF:/Users/baidu/Desktop/projects/github-explorer/fe/src/views/NotFound.vue
FNF:0
FNH:0
DA:0,1
LF:1
LH:1
BRF:0
BRH:0
end_of_record
